# JRE version: OpenJDK Runtime Environment (22.0.2+9) (build 22.0.2+9-70)
# Java VM: OpenJDK 64-Bit Server VM (22.0.2+9-70, mixed mode, emulated-client, sharing, tiered, compressed oops, compressed class ptrs, g1 gc, windows-amd64)
GC Precious Log:
 CardTable entry size: 512
 Card Set container configuration: InlinePtr #cards 5 size 8 Array Of Cards #cards 12 size 40 Howl #buckets 4 coarsen threshold 1843 Howl Bitmap #cards 512 size 80 coarsen threshold 460 Card regions per heap region 1 cards per card region 2048
 CPUs: 4 total, 4 available
 Memory: 3899M
 Large Page Support: Disabled
 NUMA Support: Disabled
 Compressed Oops: Enabled (32-bit)
 Heap Region Size: 1M
 Heap Min Capacity: 8M
 Heap Initial Capacity: 62M
 Heap Max Capacity: 976M
 Pre-touch: Disabled
 Parallel Workers: 4
 Concurrent Workers: 1
 Concurrent Refinement Workers: 4
 Periodic GC: Disabled
Heap:
 garbage-first heap   total reserved 999424K, committed 51200K, used 41328K [0x00000000c3000000, 0x0000000100000000)
  region size 1024K, 22 young (22528K), 3 survivors (3072K)
 Metaspace       used 45736K, committed 46336K, reserved 1114112K
  class space    used 6420K, committed 6720K, reserved 1048576K
GC Heap History (20 events):
Event: 4.498 GC heap before
{Heap before GC invocations=0 (full 0):
 garbage-first heap   total reserved 999424K, committed 63488K, used 14336K [0x00000000c3000000, 0x0000000100000000)
  region size 1024K, 14 young (14336K), 0 survivors (0K)
 Metaspace       used 3376K, committed 3520K, reserved 1114112K
  class space    used 391K, committed 448K, reserved 1048576K
}
Event: 4.517 GC heap after
{Heap after GC invocations=1 (full 0):
 garbage-first heap   total reserved 999424K, committed 63488K, used 7136K [0x00000000c3000000, 0x0000000100000000)
  region size 1024K, 2 young (2048K), 2 survivors (2048K)
 Metaspace       used 3376K, committed 3520K, reserved 1114112K
  class space    used 391K, committed 448K, reserved 1048576K
}
Event: 5.679 GC heap before
{Heap before GC invocations=1 (full 0):
 garbage-first heap   total reserved 999424K, committed 63488K, used 19424K [0x00000000c3000000, 0x0000000100000000)
  region size 1024K, 14 young (14336K), 2 survivors (2048K)
 Metaspace       used 7512K, committed 7744K, reserved 1114112K
  class space    used 944K, committed 1024K, reserved 1048576K
}
Event: 5.689 GC heap after
{Heap after GC invocations=2 (full 0):
 garbage-first heap   total reserved 999424K, committed 63488K, used 8373K [0x00000000c3000000, 0x0000000100000000)
  region size 1024K, 2 young (2048K), 2 survivors (2048K)
 Metaspace       used 7512K, committed 7744K, reserved 1114112K
  class space    used 944K, committed 1024K, reserved 1048576K
}
Event: 7.156 GC heap before
{Heap before GC invocations=2 (full 0):
 garbage-first heap   total reserved 999424K, committed 63488K, used 32949K [0x00000000c3000000, 0x0000000100000000)
  region size 1024K, 27 young (27648K), 2 survivors (2048K)
 Metaspace       used 14075K, committed 14336K, reserved 1114112K
  class space    used 1874K, committed 1984K, reserved 1048576K
}
Event: 7.169 GC heap after
{Heap after GC invocations=3 (full 0):
 garbage-first heap   total reserved 999424K, committed 63488K, used 10330K [0x00000000c3000000, 0x0000000100000000)
  region size 1024K, 4 young (4096K), 4 survivors (4096K)
 Metaspace       used 14075K, committed 14336K, reserved 1114112K
  class space    used 1874K, committed 1984K, reserved 1048576K
}
Event: 8.265 GC heap before
{Heap before GC invocations=3 (full 0):
 garbage-first heap   total reserved 999424K, committed 63488K, used 43098K [0x00000000c3000000, 0x0000000100000000)
  region size 1024K, 37 young (37888K), 4 survivors (4096K)
 Metaspace       used 20393K, committed 20736K, reserved 1114112K
  class space    used 2697K, committed 2816K, reserved 1048576K
}
Event: 8.284 GC heap after
{Heap after GC invocations=4 (full 0):
 garbage-first heap   total reserved 999424K, committed 63488K, used 13445K [0x00000000c3000000, 0x0000000100000000)
  region size 1024K, 5 young (5120K), 5 survivors (5120K)
 Metaspace       used 20393K, committed 20736K, reserved 1114112K
  class space    used 2697K, committed 2816K, reserved 1048576K
}
Event: 9.119 GC heap before
{Heap before GC invocations=4 (full 0):
 garbage-first heap   total reserved 999424K, committed 63488K, used 23685K [0x00000000c3000000, 0x0000000100000000)
  region size 1024K, 16 young (16384K), 5 survivors (5120K)
 Metaspace       used 21183K, committed 21504K, reserved 1114112K
  class space    used 2807K, committed 2944K, reserved 1048576K
}
Event: 9.134 GC heap after
{Heap after GC invocations=5 (full 0):
 garbage-first heap   total reserved 999424K, committed 63488K, used 14792K [0x00000000c3000000, 0x0000000100000000)
  region size 1024K, 1 young (1024K), 1 survivors (1024K)
 Metaspace       used 21183K, committed 21504K, reserved 1114112K
  class space    used 2807K, committed 2944K, reserved 1048576K
}
Event: 10.783 GC heap before
{Heap before GC invocations=6 (full 0):
 garbage-first heap   total reserved 999424K, committed 51200K, used 44488K [0x00000000c3000000, 0x0000000100000000)
  region size 1024K, 30 young (30720K), 1 survivors (1024K)
 Metaspace       used 24234K, committed 24576K, reserved 1114112K
  class space    used 3249K, committed 3392K, reserved 1048576K
}
Event: 10.794 GC heap after
{Heap after GC invocations=7 (full 0):
 garbage-first heap   total reserved 999424K, committed 51200K, used 16815K [0x00000000c3000000, 0x0000000100000000)
  region size 1024K, 3 young (3072K), 3 survivors (3072K)
 Metaspace       used 24234K, committed 24576K, reserved 1114112K
  class space    used 3249K, committed 3392K, reserved 1048576K
}
Event: 12.298 GC heap before
{Heap before GC invocations=7 (full 0):
 garbage-first heap   total reserved 999424K, committed 51200K, used 41391K [0x00000000c3000000, 0x0000000100000000)
  region size 1024K, 27 young (27648K), 3 survivors (3072K)
 Metaspace       used 27848K, committed 28352K, reserved 1114112K
  class space    used 3823K, committed 4032K, reserved 1048576K
}
Event: 12.308 GC heap after
{Heap after GC invocations=8 (full 0):
 garbage-first heap   total reserved 999424K, committed 51200K, used 18583K [0x00000000c3000000, 0x0000000100000000)
  region size 1024K, 4 young (4096K), 4 survivors (4096K)
 Metaspace       used 27848K, committed 28352K, reserved 1114112K
  class space    used 3823K, committed 4032K, reserved 1048576K
}
Event: 13.165 GC heap before
{Heap before GC invocations=8 (full 0):
 garbage-first heap   total reserved 999424K, committed 51200K, used 42135K [0x00000000c3000000, 0x0000000100000000)
  region size 1024K, 27 young (27648K), 4 survivors (4096K)
 Metaspace       used 30534K, committed 31104K, reserved 1114112K
  class space    used 4206K, committed 4480K, reserved 1048576K
}
Event: 13.181 GC heap after
{Heap after GC invocations=9 (full 0):
 garbage-first heap   total reserved 999424K, committed 51200K, used 20798K [0x00000000c3000000, 0x0000000100000000)
  region size 1024K, 2 young (2048K), 2 survivors (2048K)
 Metaspace       used 30534K, committed 31104K, reserved 1114112K
  class space    used 4206K, committed 4480K, reserved 1048576K
}
Event: 14.633 GC heap before
{Heap before GC invocations=9 (full 0):
 garbage-first heap   total reserved 999424K, committed 51200K, used 39230K [0x00000000c3000000, 0x0000000100000000)
  region size 1024K, 21 young (21504K), 2 survivors (2048K)
 Metaspace       used 35492K, committed 36096K, reserved 1114112K
  class space    used 4956K, committed 5248K, reserved 1048576K
}
Event: 14.639 GC heap after
{Heap after GC invocations=10 (full 0):
 garbage-first heap   total reserved 999424K, committed 51200K, used 21886K [0x00000000c3000000, 0x0000000100000000)
  region size 1024K, 2 young (2048K), 2 survivors (2048K)
 Metaspace       used 35492K, committed 36096K, reserved 1114112K
  class space    used 4956K, committed 5248K, reserved 1048576K
}
Event: 15.668 GC heap before
{Heap before GC invocations=11 (full 0):
 garbage-first heap   total reserved 999424K, committed 51200K, used 43390K [0x00000000c3000000, 0x0000000100000000)
  region size 1024K, 23 young (23552K), 2 survivors (2048K)
 Metaspace       used 41122K, committed 41728K, reserved 1114112K
  class space    used 5815K, committed 6080K, reserved 1048576K
}
Event: 15.676 GC heap after
{Heap after GC invocations=12 (full 0):
 garbage-first heap   total reserved 999424K, committed 51200K, used 23920K [0x00000000c3000000, 0x0000000100000000)
  region size 1024K, 3 young (3072K), 3 survivors (3072K)
 Metaspace       used 41122K, committed 41728K, reserved 1114112K
  class space    used 5815K, committed 6080K, reserved 1048576K
}

