# JRE version: OpenJDK Runtime Environment (22.0.2+9) (build 22.0.2+9-70)
# Java VM: OpenJDK 64-Bit Server VM (22.0.2+9-70, mixed mode, emulated-client, sharing, tiered, compressed oops, compressed class ptrs, g1 gc, windows-amd64)
GC Precious Log:
 CardTable entry size: 512
 Card Set container configuration: InlinePtr #cards 5 size 8 Array Of Cards #cards 12 size 40 Howl #buckets 4 coarsen threshold 1843 Howl Bitmap #cards 512 size 80 coarsen threshold 460 Card regions per heap region 1 cards per card region 2048
 CPUs: 4 total, 4 available
 Memory: 3899M
 Large Page Support: Disabled
 NUMA Support: Disabled
 Compressed Oops: Enabled (32-bit)
 Heap Region Size: 1M
 Heap Min Capacity: 8M
 Heap Initial Capacity: 62M
 Heap Max Capacity: 976M
 Pre-touch: Disabled
 Parallel Workers: 4
 Concurrent Workers: 1
 Concurrent Refinement Workers: 4
 Periodic GC: Disabled
Heap:
 garbage-first heap   total reserved 999424K, committed 58368K, used 42325K [0x00000000c3000000, 0x0000000100000000)
  region size 1024K, 16 young (16384K), 2 survivors (2048K)
 Metaspace       used 56197K, committed 56768K, reserved 1114112K
  class space    used 8072K, committed 8320K, reserved 1048576K
GC Heap History (20 events):
Event: 4.589 GC heap before
{Heap before GC invocations=3 (full 0):
 garbage-first heap   total reserved 999424K, committed 63488K, used 43498K [0x00000000c3000000, 0x0000000100000000)
  region size 1024K, 37 young (37888K), 4 survivors (4096K)
 Metaspace       used 18801K, committed 19136K, reserved 1114112K
  class space    used 2568K, committed 2688K, reserved 1048576K
}
Event: 4.604 GC heap after
{Heap after GC invocations=4 (full 0):
 garbage-first heap   total reserved 999424K, committed 63488K, used 13629K [0x00000000c3000000, 0x0000000100000000)
  region size 1024K, 5 young (5120K), 5 survivors (5120K)
 Metaspace       used 18801K, committed 19136K, reserved 1114112K
  class space    used 2568K, committed 2688K, reserved 1048576K
}
Event: 4.865 GC heap before
{Heap before GC invocations=4 (full 0):
 garbage-first heap   total reserved 999424K, committed 63488K, used 25917K [0x00000000c3000000, 0x0000000100000000)
  region size 1024K, 19 young (19456K), 5 survivors (5120K)
 Metaspace       used 21212K, committed 21504K, reserved 1114112K
  class space    used 2855K, committed 3008K, reserved 1048576K
}
Event: 4.875 GC heap after
{Heap after GC invocations=5 (full 0):
 garbage-first heap   total reserved 999424K, committed 63488K, used 15805K [0x00000000c3000000, 0x0000000100000000)
  region size 1024K, 2 young (2048K), 2 survivors (2048K)
 Metaspace       used 21212K, committed 21504K, reserved 1114112K
  class space    used 2855K, committed 3008K, reserved 1048576K
}
Event: 7.320 GC heap before
{Heap before GC invocations=6 (full 0):
 garbage-first heap   total reserved 999424K, committed 58368K, used 48573K [0x00000000c3000000, 0x0000000100000000)
  region size 1024K, 34 young (34816K), 2 survivors (2048K)
 Metaspace       used 24463K, committed 24832K, reserved 1114112K
  class space    used 3369K, committed 3584K, reserved 1048576K
}
Event: 7.329 GC heap after
{Heap after GC invocations=7 (full 0):
 garbage-first heap   total reserved 999424K, committed 58368K, used 17983K [0x00000000c3000000, 0x0000000100000000)
  region size 1024K, 4 young (4096K), 4 survivors (4096K)
 Metaspace       used 24463K, committed 24832K, reserved 1114112K
  class space    used 3369K, committed 3584K, reserved 1048576K
}
Event: 10.202 GC heap before
{Heap before GC invocations=7 (full 0):
 garbage-first heap   total reserved 999424K, committed 58368K, used 46655K [0x00000000c3000000, 0x0000000100000000)
  region size 1024K, 32 young (32768K), 4 survivors (4096K)
 Metaspace       used 27607K, committed 28032K, reserved 1114112K
  class space    used 3804K, committed 3968K, reserved 1048576K
}
Event: 10.211 GC heap after
{Heap after GC invocations=8 (full 0):
 garbage-first heap   total reserved 999424K, committed 58368K, used 19828K [0x00000000c3000000, 0x0000000100000000)
  region size 1024K, 2 young (2048K), 2 survivors (2048K)
 Metaspace       used 27607K, committed 28032K, reserved 1114112K
  class space    used 3804K, committed 3968K, reserved 1048576K
}
Event: 14.004 GC heap before
{Heap before GC invocations=8 (full 0):
 garbage-first heap   total reserved 999424K, committed 58368K, used 47476K [0x00000000c3000000, 0x0000000100000000)
  region size 1024K, 30 young (30720K), 2 survivors (2048K)
 Metaspace       used 32571K, committed 33024K, reserved 1114112K
  class space    used 4490K, committed 4672K, reserved 1048576K
}
Event: 14.019 GC heap after
{Heap after GC invocations=9 (full 0):
 garbage-first heap   total reserved 999424K, committed 58368K, used 22270K [0x00000000c3000000, 0x0000000100000000)
  region size 1024K, 4 young (4096K), 4 survivors (4096K)
 Metaspace       used 32571K, committed 33024K, reserved 1114112K
  class space    used 4490K, committed 4672K, reserved 1048576K
}
Event: 16.164 GC heap before
{Heap before GC invocations=9 (full 0):
 garbage-first heap   total reserved 999424K, committed 58368K, used 48894K [0x00000000c3000000, 0x0000000100000000)
  region size 1024K, 31 young (31744K), 4 survivors (4096K)
 Metaspace       used 35464K, committed 36096K, reserved 1114112K
  class space    used 4925K, committed 5184K, reserved 1048576K
}
Event: 16.177 GC heap after
{Heap after GC invocations=10 (full 0):
 garbage-first heap   total reserved 999424K, committed 58368K, used 24660K [0x00000000c3000000, 0x0000000100000000)
  region size 1024K, 3 young (3072K), 3 survivors (3072K)
 Metaspace       used 35464K, committed 36096K, reserved 1114112K
  class space    used 4925K, committed 5184K, reserved 1048576K
}
Event: 16.276 GC heap before
{Heap before GC invocations=10 (full 0):
 garbage-first heap   total reserved 999424K, committed 58368K, used 25684K [0x00000000c3000000, 0x0000000100000000)
  region size 1024K, 5 young (5120K), 3 survivors (3072K)
 Metaspace       used 35607K, committed 36160K, reserved 1114112K
  class space    used 4951K, committed 5184K, reserved 1048576K
}
Event: 16.281 GC heap after
{Heap after GC invocations=11 (full 0):
 garbage-first heap   total reserved 999424K, committed 58368K, used 24598K [0x00000000c3000000, 0x0000000100000000)
  region size 1024K, 3 young (3072K), 3 survivors (3072K)
 Metaspace       used 35607K, committed 36160K, reserved 1114112K
  class space    used 4951K, committed 5184K, reserved 1048576K
}
Event: 19.551 GC heap before
{Heap before GC invocations=12 (full 0):
 garbage-first heap   total reserved 999424K, committed 58368K, used 49174K [0x00000000c3000000, 0x0000000100000000)
  region size 1024K, 28 young (28672K), 3 survivors (3072K)
 Metaspace       used 42360K, committed 42944K, reserved 1114112K
  class space    used 6020K, committed 6272K, reserved 1048576K
}
Event: 19.560 GC heap after
{Heap after GC invocations=13 (full 0):
 garbage-first heap   total reserved 999424K, committed 58368K, used 26420K [0x00000000c3000000, 0x0000000100000000)
  region size 1024K, 4 young (4096K), 4 survivors (4096K)
 Metaspace       used 42360K, committed 42944K, reserved 1114112K
  class space    used 6020K, committed 6272K, reserved 1048576K
}
Event: 22.268 GC heap before
{Heap before GC invocations=13 (full 0):
 garbage-first heap   total reserved 999424K, committed 58368K, used 48948K [0x00000000c3000000, 0x0000000100000000)
  region size 1024K, 27 young (27648K), 4 survivors (4096K)
 Metaspace       used 48066K, committed 48640K, reserved 1114112K
  class space    used 6783K, committed 7040K, reserved 1048576K
}
Event: 22.280 GC heap after
{Heap after GC invocations=14 (full 0):
 garbage-first heap   total reserved 999424K, committed 58368K, used 28303K [0x00000000c3000000, 0x0000000100000000)
  region size 1024K, 4 young (4096K), 4 survivors (4096K)
 Metaspace       used 48066K, committed 48640K, reserved 1114112K
  class space    used 6783K, committed 7040K, reserved 1048576K
}
Event: 23.717 GC heap before
{Heap before GC invocations=14 (full 0):
 garbage-first heap   total reserved 999424K, committed 58368K, used 49807K [0x00000000c3000000, 0x0000000100000000)
  region size 1024K, 25 young (25600K), 4 survivors (4096K)
 Metaspace       used 51619K, committed 52288K, reserved 1114112K
  class space    used 7268K, committed 7552K, reserved 1048576K
}
Event: 23.728 GC heap after
{Heap after GC invocations=15 (full 0):
 garbage-first heap   total reserved 999424K, committed 58368K, used 30037K [0x00000000c3000000, 0x0000000100000000)
  region size 1024K, 2 young (2048K), 2 survivors (2048K)
 Metaspace       used 51619K, committed 52288K, reserved 1114112K
  class space    used 7268K, committed 7552K, reserved 1048576K
}

