# JRE version: OpenJDK Runtime Environment (22.0.2+9) (build 22.0.2+9-70)
# Java VM: OpenJDK 64-Bit Server VM (22.0.2+9-70, mixed mode, emulated-client, sharing, tiered, compressed oops, compressed class ptrs, g1 gc, windows-amd64)
GC Precious Log:
 CardTable entry size: 512
 Card Set container configuration: InlinePtr #cards 5 size 8 Array Of Cards #cards 12 size 40 Howl #buckets 4 coarsen threshold 1843 Howl Bitmap #cards 512 size 80 coarsen threshold 460 Card regions per heap region 1 cards per card region 2048
 CPUs: 4 total, 4 available
 Memory: 3899M
 Large Page Support: Disabled
 NUMA Support: Disabled
 Compressed Oops: Enabled (32-bit)
 Heap Region Size: 1M
 Heap Min Capacity: 8M
 Heap Initial Capacity: 62M
 Heap Max Capacity: 976M
 Pre-touch: Disabled
 Parallel Workers: 4
 Concurrent Workers: 1
 Concurrent Refinement Workers: 4
 Periodic GC: Disabled
Heap:
 garbage-first heap   total reserved 999424K, committed 108544K, used 40160K [0x00000000c3000000, 0x0000000100000000)
  region size 1024K, 6 young (6144K), 6 survivors (6144K)
 Metaspace       used 86603K, committed 88064K, reserved 1179648K
  class space    used 12718K, committed 13376K, reserved 1048576K
GC Heap History (20 events):
Event: 392.441 GC heap after
{Heap after GC invocations=40 (full 1):
 garbage-first heap   total reserved 999424K, committed 90112K, used 45111K [0x00000000c3000000, 0x0000000100000000)
  region size 1024K, 5 young (5120K), 5 survivors (5120K)
 Metaspace       used 84551K, committed 85376K, reserved 1179648K
  class space    used 12521K, committed 12864K, reserved 1048576K
}
Event: 394.921 GC heap before
{Heap before GC invocations=40 (full 1):
 garbage-first heap   total reserved 999424K, committed 90112K, used 77879K [0x00000000c3000000, 0x0000000100000000)
  region size 1024K, 37 young (37888K), 5 survivors (5120K)
 Metaspace       used 84788K, committed 85632K, reserved 1179648K
  class space    used 12551K, committed 12928K, reserved 1048576K
}
Event: 394.945 GC heap after
{Heap after GC invocations=41 (full 1):
 garbage-first heap   total reserved 999424K, committed 108544K, used 46868K [0x00000000c3000000, 0x0000000100000000)
  region size 1024K, 3 young (3072K), 3 survivors (3072K)
 Metaspace       used 84788K, committed 85632K, reserved 1179648K
  class space    used 12551K, committed 12928K, reserved 1048576K
}
Event: 400.440 GC heap before
{Heap before GC invocations=41 (full 1):
 garbage-first heap   total reserved 999424K, committed 108544K, used 92948K [0x00000000c3000000, 0x0000000100000000)
  region size 1024K, 48 young (49152K), 3 survivors (3072K)
 Metaspace       used 85471K, committed 86400K, reserved 1179648K
  class space    used 12659K, committed 13056K, reserved 1048576K
}
Event: 400.518 GC heap after
{Heap after GC invocations=42 (full 1):
 garbage-first heap   total reserved 999424K, committed 108544K, used 51567K [0x00000000c3000000, 0x0000000100000000)
  region size 1024K, 6 young (6144K), 6 survivors (6144K)
 Metaspace       used 85471K, committed 86400K, reserved 1179648K
  class space    used 12659K, committed 13056K, reserved 1048576K
}
Event: 403.092 GC heap before
{Heap before GC invocations=43 (full 1):
 garbage-first heap   total reserved 999424K, committed 108544K, used 95599K [0x00000000c3000000, 0x0000000100000000)
  region size 1024K, 49 young (50176K), 6 survivors (6144K)
 Metaspace       used 85867K, committed 86784K, reserved 1179648K
  class space    used 12697K, committed 13120K, reserved 1048576K
}
Event: 403.134 GC heap after
{Heap after GC invocations=44 (full 1):
 garbage-first heap   total reserved 999424K, committed 108544K, used 54208K [0x00000000c3000000, 0x0000000100000000)
  region size 1024K, 4 young (4096K), 4 survivors (4096K)
 Metaspace       used 85867K, committed 86784K, reserved 1179648K
  class space    used 12697K, committed 13120K, reserved 1048576K
}
Event: 404.992 GC heap before
{Heap before GC invocations=44 (full 1):
 garbage-first heap   total reserved 999424K, committed 108544K, used 96192K [0x00000000c3000000, 0x0000000100000000)
  region size 1024K, 45 young (46080K), 4 survivors (4096K)
 Metaspace       used 86143K, committed 87040K, reserved 1179648K
  class space    used 12735K, committed 13120K, reserved 1048576K
}
Event: 405.042 GC heap after
{Heap after GC invocations=45 (full 1):
 garbage-first heap   total reserved 999424K, committed 108544K, used 56154K [0x00000000c3000000, 0x0000000100000000)
  region size 1024K, 6 young (6144K), 6 survivors (6144K)
 Metaspace       used 86143K, committed 87040K, reserved 1179648K
  class space    used 12735K, committed 13120K, reserved 1048576K
}
Event: 406.640 GC heap before
{Heap before GC invocations=45 (full 1):
 garbage-first heap   total reserved 999424K, committed 108544K, used 95066K [0x00000000c3000000, 0x0000000100000000)
  region size 1024K, 44 young (45056K), 6 survivors (6144K)
 Metaspace       used 86663K, committed 87616K, reserved 1179648K
  class space    used 12780K, committed 13184K, reserved 1048576K
}
Event: 406.670 GC heap after
{Heap after GC invocations=46 (full 1):
 garbage-first heap   total reserved 999424K, committed 108544K, used 59286K [0x00000000c3000000, 0x0000000100000000)
  region size 1024K, 6 young (6144K), 6 survivors (6144K)
 Metaspace       used 86663K, committed 87616K, reserved 1179648K
  class space    used 12780K, committed 13184K, reserved 1048576K
}
Event: 408.936 GC heap before
{Heap before GC invocations=47 (full 1):
 garbage-first heap   total reserved 999424K, committed 108544K, used 95126K [0x00000000c3000000, 0x0000000100000000)
  region size 1024K, 41 young (41984K), 6 survivors (6144K)
 Metaspace       used 87296K, committed 88448K, reserved 1179648K
  class space    used 12870K, committed 13376K, reserved 1048576K
}
Event: 408.997 GC heap after
{Heap after GC invocations=48 (full 1):
 garbage-first heap   total reserved 999424K, committed 108544K, used 63873K [0x00000000c3000000, 0x0000000100000000)
  region size 1024K, 5 young (5120K), 5 survivors (5120K)
 Metaspace       used 87296K, committed 88448K, reserved 1179648K
  class space    used 12870K, committed 13376K, reserved 1048576K
}
Event: 496.015 GC heap before
{Heap before GC invocations=48 (full 1):
 garbage-first heap   total reserved 999424K, committed 108544K, used 96641K [0x00000000c3000000, 0x0000000100000000)
  region size 1024K, 37 young (37888K), 5 survivors (5120K)
 Metaspace       used 87524K, committed 88640K, reserved 1179648K
  class space    used 12895K, committed 13376K, reserved 1048576K
}
Event: 496.171 GC heap after
{Heap after GC invocations=49 (full 1):
 garbage-first heap   total reserved 999424K, committed 108544K, used 64010K [0x00000000c3000000, 0x0000000100000000)
  region size 1024K, 1 young (1024K), 1 survivors (1024K)
 Metaspace       used 87524K, committed 88640K, reserved 1179648K
  class space    used 12895K, committed 13376K, reserved 1048576K
}
Event: 619.690 GC heap before
{Heap before GC invocations=49 (full 1):
 garbage-first heap   total reserved 999424K, committed 108544K, used 98826K [0x00000000c3000000, 0x0000000100000000)
  region size 1024K, 35 young (35840K), 1 survivors (1024K)
 Metaspace       used 87527K, committed 88640K, reserved 1179648K
  class space    used 12896K, committed 13376K, reserved 1048576K
}
Event: 619.747 GC heap after
{Heap after GC invocations=50 (full 1):
 garbage-first heap   total reserved 999424K, committed 108544K, used 63526K [0x00000000c3000000, 0x0000000100000000)
  region size 1024K, 1 young (1024K), 1 survivors (1024K)
 Metaspace       used 87527K, committed 88640K, reserved 1179648K
  class space    used 12896K, committed 13376K, reserved 1048576K
}
Event: 619.764 GC heap before
{Heap before GC invocations=50 (full 1):
 garbage-first heap   total reserved 999424K, committed 108544K, used 63526K [0x00000000c3000000, 0x0000000100000000)
  region size 1024K, 2 young (2048K), 1 survivors (1024K)
 Metaspace       used 87527K, committed 88640K, reserved 1179648K
  class space    used 12896K, committed 13376K, reserved 1048576K
}
Event: 622.907 GC heap after
{Heap after GC invocations=51 (full 2):
 garbage-first heap   total reserved 999424K, committed 108544K, used 34297K [0x00000000c3000000, 0x0000000100000000)
  region size 1024K, 0 young (0K), 0 survivors (0K)
 Metaspace       used 85912K, committed 88064K, reserved 1179648K
  class space    used 12632K, committed 13376K, reserved 1048576K
}
Event: 626.037 GC heap before
{Heap before GC invocations=51 (full 2):
 garbage-first heap   total reserved 999424K, committed 108544K, used 90617K [0x00000000c3000000, 0x0000000100000000)
  region size 1024K, 56 young (57344K), 0 survivors (0K)
 Metaspace       used 86603K, committed 88064K, reserved 1179648K
  class space    used 12718K, committed 13376K, reserved 1048576K
}

