# JRE version: OpenJDK Runtime Environment (22.0.2+9) (build 22.0.2+9-70)
# Java VM: OpenJDK 64-Bit Server VM (22.0.2+9-70, mixed mode, emulated-client, sharing, tiered, compressed oops, compressed class ptrs, g1 gc, windows-amd64)
GC Precious Log:
 CardTable entry size: 512
 Card Set container configuration: InlinePtr #cards 5 size 8 Array Of Cards #cards 12 size 40 Howl #buckets 4 coarsen threshold 1843 Howl Bitmap #cards 512 size 80 coarsen threshold 460 Card regions per heap region 1 cards per card region 2048
 CPUs: 4 total, 4 available
 Memory: 3899M
 Large Page Support: Disabled
 NUMA Support: Disabled
 Compressed Oops: Enabled (32-bit)
 Heap Region Size: 1M
 Heap Min Capacity: 8M
 Heap Initial Capacity: 62M
 Heap Max Capacity: 976M
 Pre-touch: Disabled
 Parallel Workers: 4
 Concurrent Workers: 1
 Concurrent Refinement Workers: 4
 Periodic GC: Disabled
Heap:
 garbage-first heap   total reserved 999424K, committed 86016K, used 72432K [0x00000000c3000000, 0x0000000100000000)
  region size 1024K, 25 young (25600K), 3 survivors (3072K)
 Metaspace       used 80345K, committed 81792K, reserved 1179648K
  class space    used 11873K, committed 12480K, reserved 1048576K
GC Heap History (20 events):
Event: 20.868 GC heap before
{Heap before GC invocations=20 (full 0):
 garbage-first heap   total reserved 999424K, committed 66560K, used 56853K [0x00000000c3000000, 0x0000000100000000)
  region size 1024K, 27 young (27648K), 4 survivors (4096K)
 Metaspace       used 67648K, committed 68416K, reserved 1114112K
  class space    used 9782K, committed 10112K, reserved 1048576K
}
Event: 20.883 GC heap after
{Heap after GC invocations=21 (full 0):
 garbage-first heap   total reserved 999424K, committed 66560K, used 37062K [0x00000000c3000000, 0x0000000100000000)
  region size 1024K, 3 young (3072K), 3 survivors (3072K)
 Metaspace       used 67648K, committed 68416K, reserved 1114112K
  class space    used 9782K, committed 10112K, reserved 1048576K
}
Event: 21.553 GC heap before
{Heap before GC invocations=22 (full 0):
 garbage-first heap   total reserved 999424K, committed 66560K, used 57542K [0x00000000c3000000, 0x0000000100000000)
  region size 1024K, 24 young (24576K), 3 survivors (3072K)
 Metaspace       used 70720K, committed 71488K, reserved 1114112K
  class space    used 10458K, committed 10816K, reserved 1048576K
}
Event: 21.560 GC heap after
{Heap after GC invocations=23 (full 0):
 garbage-first heap   total reserved 999424K, committed 66560K, used 39311K [0x00000000c3000000, 0x0000000100000000)
  region size 1024K, 3 young (3072K), 3 survivors (3072K)
 Metaspace       used 70720K, committed 71488K, reserved 1114112K
  class space    used 10458K, committed 10816K, reserved 1048576K
}
Event: 21.756 GC heap before
{Heap before GC invocations=23 (full 0):
 garbage-first heap   total reserved 999424K, committed 66560K, used 57743K [0x00000000c3000000, 0x0000000100000000)
  region size 1024K, 22 young (22528K), 3 survivors (3072K)
 Metaspace       used 72055K, committed 72832K, reserved 1114112K
  class space    used 10639K, committed 11008K, reserved 1048576K
}
Event: 21.762 GC heap after
{Heap after GC invocations=24 (full 0):
 garbage-first heap   total reserved 999424K, committed 66560K, used 40167K [0x00000000c3000000, 0x0000000100000000)
  region size 1024K, 2 young (2048K), 2 survivors (2048K)
 Metaspace       used 72055K, committed 72832K, reserved 1114112K
  class space    used 10639K, committed 11008K, reserved 1048576K
}
Event: 21.839 GC heap before
{Heap before GC invocations=24 (full 0):
 garbage-first heap   total reserved 999424K, committed 66560K, used 59623K [0x00000000c3000000, 0x0000000100000000)
  region size 1024K, 21 young (21504K), 2 survivors (2048K)
 Metaspace       used 72056K, committed 72832K, reserved 1114112K
  class space    used 10639K, committed 11008K, reserved 1048576K
}
Event: 21.846 GC heap after
{Heap after GC invocations=25 (full 0):
 garbage-first heap   total reserved 999424K, committed 79872K, used 43818K [0x00000000c3000000, 0x0000000100000000)
  region size 1024K, 3 young (3072K), 3 survivors (3072K)
 Metaspace       used 72056K, committed 72832K, reserved 1114112K
  class space    used 10639K, committed 11008K, reserved 1048576K
}
Event: 22.175 GC heap before
{Heap before GC invocations=26 (full 0):
 garbage-first heap   total reserved 999424K, committed 79872K, used 70442K [0x00000000c3000000, 0x0000000100000000)
  region size 1024K, 29 young (29696K), 3 survivors (3072K)
 Metaspace       used 72326K, committed 73088K, reserved 1114112K
  class space    used 10672K, committed 11008K, reserved 1048576K
}
Event: 22.182 GC heap after
{Heap after GC invocations=27 (full 0):
 garbage-first heap   total reserved 999424K, committed 79872K, used 46137K [0x00000000c3000000, 0x0000000100000000)
  region size 1024K, 3 young (3072K), 3 survivors (3072K)
 Metaspace       used 72326K, committed 73088K, reserved 1114112K
  class space    used 10672K, committed 11008K, reserved 1048576K
}
Event: 22.711 GC heap before
{Heap before GC invocations=27 (full 0):
 garbage-first heap   total reserved 999424K, committed 79872K, used 70713K [0x00000000c3000000, 0x0000000100000000)
  region size 1024K, 27 young (27648K), 3 survivors (3072K)
 Metaspace       used 73454K, committed 74304K, reserved 1114112K
  class space    used 10833K, committed 11200K, reserved 1048576K
}
Event: 22.719 GC heap after
{Heap after GC invocations=28 (full 0):
 garbage-first heap   total reserved 999424K, committed 79872K, used 46751K [0x00000000c3000000, 0x0000000100000000)
  region size 1024K, 4 young (4096K), 4 survivors (4096K)
 Metaspace       used 73454K, committed 74304K, reserved 1114112K
  class space    used 10833K, committed 11200K, reserved 1048576K
}
Event: 23.370 GC heap before
{Heap before GC invocations=28 (full 0):
 garbage-first heap   total reserved 999424K, committed 79872K, used 68255K [0x00000000c3000000, 0x0000000100000000)
  region size 1024K, 26 young (26624K), 4 survivors (4096K)
 Metaspace       used 75791K, committed 76736K, reserved 1179648K
  class space    used 11211K, committed 11648K, reserved 1048576K
}
Event: 23.380 GC heap after
{Heap after GC invocations=29 (full 0):
 garbage-first heap   total reserved 999424K, committed 79872K, used 49428K [0x00000000c3000000, 0x0000000100000000)
  region size 1024K, 3 young (3072K), 3 survivors (3072K)
 Metaspace       used 75791K, committed 76736K, reserved 1179648K
  class space    used 11211K, committed 11648K, reserved 1048576K
}
Event: 88.569 GC heap before
{Heap before GC invocations=30 (full 0):
 garbage-first heap   total reserved 999424K, committed 81920K, used 69908K [0x00000000c3000000, 0x0000000100000000)
  region size 1024K, 25 young (25600K), 3 survivors (3072K)
 Metaspace       used 76924K, committed 77888K, reserved 1179648K
  class space    used 11395K, committed 11776K, reserved 1048576K
}
Event: 88.590 GC heap after
{Heap after GC invocations=31 (full 0):
 garbage-first heap   total reserved 999424K, committed 81920K, used 49805K [0x00000000c3000000, 0x0000000100000000)
  region size 1024K, 2 young (2048K), 2 survivors (2048K)
 Metaspace       used 76924K, committed 77888K, reserved 1179648K
  class space    used 11395K, committed 11776K, reserved 1048576K
}
Event: 147.398 GC heap before
{Heap before GC invocations=31 (full 0):
 garbage-first heap   total reserved 999424K, committed 81920K, used 72333K [0x00000000c3000000, 0x0000000100000000)
  region size 1024K, 25 young (25600K), 2 survivors (2048K)
 Metaspace       used 79127K, committed 80128K, reserved 1179648K
  class space    used 11690K, committed 12160K, reserved 1048576K
}
Event: 147.422 GC heap after
{Heap after GC invocations=32 (full 0):
 garbage-first heap   total reserved 999424K, committed 81920K, used 49968K [0x00000000c3000000, 0x0000000100000000)
  region size 1024K, 4 young (4096K), 4 survivors (4096K)
 Metaspace       used 79127K, committed 80128K, reserved 1179648K
  class space    used 11690K, committed 12160K, reserved 1048576K
}
Event: 148.581 GC heap before
{Heap before GC invocations=32 (full 0):
 garbage-first heap   total reserved 999424K, committed 81920K, used 71472K [0x00000000c3000000, 0x0000000100000000)
  region size 1024K, 26 young (26624K), 4 survivors (4096K)
 Metaspace       used 80676K, committed 81664K, reserved 1179648K
  class space    used 11971K, committed 12416K, reserved 1048576K
}
Event: 148.598 GC heap after
{Heap after GC invocations=33 (full 0):
 garbage-first heap   total reserved 999424K, committed 81920K, used 50928K [0x00000000c3000000, 0x0000000100000000)
  region size 1024K, 3 young (3072K), 3 survivors (3072K)
 Metaspace       used 80676K, committed 81664K, reserved 1179648K
  class space    used 11971K, committed 12416K, reserved 1048576K
}

