# JRE version: OpenJDK Runtime Environment (22.0.2+9) (build 22.0.2+9-70)
# Java VM: OpenJDK 64-Bit Server VM (22.0.2+9-70, mixed mode, emulated-client, sharing, tiered, compressed oops, compressed class ptrs, g1 gc, windows-amd64)
GC Precious Log:
 CardTable entry size: 512
 Card Set container configuration: InlinePtr #cards 5 size 8 Array Of Cards #cards 12 size 40 Howl #buckets 4 coarsen threshold 1843 Howl Bitmap #cards 512 size 80 coarsen threshold 460 Card regions per heap region 1 cards per card region 2048
 CPUs: 4 total, 4 available
 Memory: 3899M
 Large Page Support: Disabled
 NUMA Support: Disabled
 Compressed Oops: Enabled (32-bit)
 Heap Region Size: 1M
 Heap Min Capacity: 8M
 Heap Initial Capacity: 62M
 Heap Max Capacity: 976M
 Pre-touch: Disabled
 Parallel Workers: 4
 Concurrent Workers: 1
 Concurrent Refinement Workers: 4
 Periodic GC: Disabled
Heap:
 garbage-first heap   total reserved 999424K, committed 55296K, used 28192K [0x00000000c3000000, 0x0000000100000000)
  region size 1024K, 7 young (7168K), 2 survivors (2048K)
 Metaspace       used 43464K, committed 44032K, reserved 1114112K
  class space    used 6119K, committed 6336K, reserved 1048576K
GC Heap History (20 events):
Event: 2.295 GC heap before
{Heap before GC invocations=1 (full 0):
 garbage-first heap   total reserved 999424K, committed 63488K, used 19363K [0x00000000c3000000, 0x0000000100000000)
  region size 1024K, 15 young (15360K), 2 survivors (2048K)
 Metaspace       used 7511K, committed 7744K, reserved 1114112K
  class space    used 943K, committed 1024K, reserved 1048576K
}
Event: 2.305 GC heap after
{Heap after GC invocations=2 (full 0):
 garbage-first heap   total reserved 999424K, committed 63488K, used 8882K [0x00000000c3000000, 0x0000000100000000)
  region size 1024K, 2 young (2048K), 2 survivors (2048K)
 Metaspace       used 7511K, committed 7744K, reserved 1114112K
  class space    used 943K, committed 1024K, reserved 1048576K
}
Event: 3.408 GC heap before
{Heap before GC invocations=2 (full 0):
 garbage-first heap   total reserved 999424K, committed 63488K, used 31410K [0x00000000c3000000, 0x0000000100000000)
  region size 1024K, 25 young (25600K), 2 survivors (2048K)
 Metaspace       used 12577K, committed 12928K, reserved 1114112K
  class space    used 1714K, committed 1856K, reserved 1048576K
}
Event: 3.416 GC heap after
{Heap after GC invocations=3 (full 0):
 garbage-first heap   total reserved 999424K, committed 63488K, used 10525K [0x00000000c3000000, 0x0000000100000000)
  region size 1024K, 4 young (4096K), 4 survivors (4096K)
 Metaspace       used 12577K, committed 12928K, reserved 1114112K
  class space    used 1714K, committed 1856K, reserved 1048576K
}
Event: 4.361 GC heap before
{Heap before GC invocations=3 (full 0):
 garbage-first heap   total reserved 999424K, committed 63488K, used 43293K [0x00000000c3000000, 0x0000000100000000)
  region size 1024K, 37 young (37888K), 4 survivors (4096K)
 Metaspace       used 18946K, committed 19264K, reserved 1114112K
  class space    used 2580K, committed 2688K, reserved 1048576K
}
Event: 4.375 GC heap after
{Heap after GC invocations=4 (full 0):
 garbage-first heap   total reserved 999424K, committed 63488K, used 13786K [0x00000000c3000000, 0x0000000100000000)
  region size 1024K, 5 young (5120K), 5 survivors (5120K)
 Metaspace       used 18946K, committed 19264K, reserved 1114112K
  class space    used 2580K, committed 2688K, reserved 1048576K
}
Event: 4.640 GC heap before
{Heap before GC invocations=4 (full 0):
 garbage-first heap   total reserved 999424K, committed 63488K, used 26074K [0x00000000c3000000, 0x0000000100000000)
  region size 1024K, 18 young (18432K), 5 survivors (5120K)
 Metaspace       used 21209K, committed 21504K, reserved 1114112K
  class space    used 2853K, committed 3008K, reserved 1048576K
}
Event: 4.651 GC heap after
{Heap after GC invocations=5 (full 0):
 garbage-first heap   total reserved 999424K, committed 63488K, used 14763K [0x00000000c3000000, 0x0000000100000000)
  region size 1024K, 2 young (2048K), 2 survivors (2048K)
 Metaspace       used 21209K, committed 21504K, reserved 1114112K
  class space    used 2853K, committed 3008K, reserved 1048576K
}
Event: 5.776 GC heap before
{Heap before GC invocations=6 (full 0):
 garbage-first heap   total reserved 999424K, committed 55296K, used 45483K [0x00000000c3000000, 0x0000000100000000)
  region size 1024K, 32 young (32768K), 2 survivors (2048K)
 Metaspace       used 24163K, committed 24576K, reserved 1114112K
  class space    used 3325K, committed 3520K, reserved 1048576K
}
Event: 5.784 GC heap after
{Heap after GC invocations=7 (full 0):
 garbage-first heap   total reserved 999424K, committed 55296K, used 17355K [0x00000000c3000000, 0x0000000100000000)
  region size 1024K, 4 young (4096K), 4 survivors (4096K)
 Metaspace       used 24163K, committed 24576K, reserved 1114112K
  class space    used 3325K, committed 3520K, reserved 1048576K
}
Event: 6.723 GC heap before
{Heap before GC invocations=7 (full 0):
 garbage-first heap   total reserved 999424K, committed 55296K, used 43979K [0x00000000c3000000, 0x0000000100000000)
  region size 1024K, 30 young (30720K), 4 survivors (4096K)
 Metaspace       used 27303K, committed 27712K, reserved 1114112K
  class space    used 3756K, committed 3968K, reserved 1048576K
}
Event: 6.732 GC heap after
{Heap after GC invocations=8 (full 0):
 garbage-first heap   total reserved 999424K, committed 55296K, used 19198K [0x00000000c3000000, 0x0000000100000000)
  region size 1024K, 2 young (2048K), 2 survivors (2048K)
 Metaspace       used 27303K, committed 27712K, reserved 1114112K
  class space    used 3756K, committed 3968K, reserved 1048576K
}
Event: 7.871 GC heap before
{Heap before GC invocations=8 (full 0):
 garbage-first heap   total reserved 999424K, committed 55296K, used 45822K [0x00000000c3000000, 0x0000000100000000)
  region size 1024K, 28 young (28672K), 2 survivors (2048K)
 Metaspace       used 31741K, committed 32192K, reserved 1114112K
  class space    used 4392K, committed 4544K, reserved 1048576K
}
Event: 7.879 GC heap after
{Heap after GC invocations=9 (full 0):
 garbage-first heap   total reserved 999424K, committed 55296K, used 21134K [0x00000000c3000000, 0x0000000100000000)
  region size 1024K, 4 young (4096K), 4 survivors (4096K)
 Metaspace       used 31741K, committed 32192K, reserved 1114112K
  class space    used 4392K, committed 4544K, reserved 1048576K
}
Event: 8.637 GC heap before
{Heap before GC invocations=9 (full 0):
 garbage-first heap   total reserved 999424K, committed 55296K, used 45710K [0x00000000c3000000, 0x0000000100000000)
  region size 1024K, 29 young (29696K), 4 survivors (4096K)
 Metaspace       used 35010K, committed 35648K, reserved 1114112K
  class space    used 4848K, committed 5120K, reserved 1048576K
}
Event: 8.648 GC heap after
{Heap after GC invocations=10 (full 0):
 garbage-first heap   total reserved 999424K, committed 55296K, used 23241K [0x00000000c3000000, 0x0000000100000000)
  region size 1024K, 3 young (3072K), 3 survivors (3072K)
 Metaspace       used 35010K, committed 35648K, reserved 1114112K
  class space    used 4848K, committed 5120K, reserved 1048576K
}
Event: 8.829 GC heap before
{Heap before GC invocations=10 (full 0):
 garbage-first heap   total reserved 999424K, committed 55296K, used 30409K [0x00000000c3000000, 0x0000000100000000)
  region size 1024K, 11 young (11264K), 3 survivors (3072K)
 Metaspace       used 35548K, committed 36096K, reserved 1114112K
  class space    used 4948K, committed 5184K, reserved 1048576K
}
Event: 8.834 GC heap after
{Heap after GC invocations=11 (full 0):
 garbage-first heap   total reserved 999424K, committed 55296K, used 23856K [0x00000000c3000000, 0x0000000100000000)
  region size 1024K, 1 young (1024K), 1 survivors (1024K)
 Metaspace       used 35548K, committed 36096K, reserved 1114112K
  class space    used 4948K, committed 5184K, reserved 1048576K
}
Event: 9.763 GC heap before
{Heap before GC invocations=12 (full 0):
 garbage-first heap   total reserved 999424K, committed 55296K, used 47408K [0x00000000c3000000, 0x0000000100000000)
  region size 1024K, 25 young (25600K), 1 survivors (1024K)
 Metaspace       used 42064K, committed 42624K, reserved 1114112K
  class space    used 5993K, committed 6208K, reserved 1048576K
}
Event: 9.767 GC heap after
{Heap after GC invocations=13 (full 0):
 garbage-first heap   total reserved 999424K, committed 55296K, used 25120K [0x00000000c3000000, 0x0000000100000000)
  region size 1024K, 2 young (2048K), 2 survivors (2048K)
 Metaspace       used 42064K, committed 42624K, reserved 1114112K
  class space    used 5993K, committed 6208K, reserved 1048576K
}

